2021-09-18 23:21:22 DEBUG class:67 - In Get All Class Details Method
2021-09-18 23:21:22 INFO  class:72 - Retrieving Class Details
2021-09-18 23:21:23 INFO  class:79 - Retrieving All Class Details is Completed
2021-09-18 23:35:44 DEBUG class:67 - In Get All Class Details Method
2021-09-18 23:35:44 INFO  class:72 - Retrieving Class Details
2021-09-18 23:35:44 DEBUG class:39 - In Get All Class Details Method
2021-09-18 23:35:44 INFO  class:41 - Retrieving All Class Details
2021-09-18 23:35:44 DEBUG class:71 - In Get All Class Details Method
2021-09-18 23:35:44 INFO  class:74 - Retriving Class Details Method
2021-09-18 23:35:44 INFO  class:79 - Retrieving All Class Details is Completed
2021-09-19 20:30:32 DEBUG class:55 - In Retrieving All HeadMaster details...
2021-09-19 20:30:33 DEBUG class:30 - In Retrieving All HeadMaster details...
2021-09-19 20:30:33 DEBUG class:68 - In Retrieving HeadMaster Details...
2021-09-19 20:30:33 INFO  class:73 - Retrieving HeadMaster Details...
2021-09-19 20:30:33 INFO  class:79 - Retrieving HeadMaster Details is Completed
2021-09-19 20:30:58 DEBUG class:112 - In Retrieving HeadMaster details...
2021-09-19 20:30:58 DEBUG class:57 - In Retrieving HeadMaster details...
2021-09-19 20:30:58 DEBUG class:151 - In Retrieving HeadMaster Details...
2021-09-19 20:30:58 INFO  class:156 - Retrieving HeadMaster Details...
2021-09-19 20:30:58 DEBUG class:31 - In Checking HeadMaster Id...
2021-09-19 20:30:58 INFO  class:167 - Retrieving HeadMaster Details is Completed
2021-09-19 20:31:40 DEBUG class:74 - In Updating HeadMaster details...
2021-09-19 20:31:40 DEBUG class:39 - In Updating HeadMaster details...
2021-09-19 20:31:40 DEBUG class:92 - In Updating HeadMaster Details...
2021-09-19 20:31:40 INFO  class:97 - Updating HeadMaster Details...
2021-09-19 20:31:40 DEBUG class:31 - In Checking HeadMaster Id...
2021-09-19 20:31:40 INFO  class:115 - Updating HeadMasterDetails is Completed...
2021-09-19 20:33:11 DEBUG class:36 - In Adding HeadMaster details...
2021-09-19 20:33:11 DEBUG class:21 - In Adding HeadMaster details...
2021-09-19 20:33:11 DEBUG class:46 - In Adding HeadMaster Details...
2021-09-19 20:33:11 INFO  class:51 - Adding HeadMaster Details...
2021-09-19 20:37:09 DEBUG class:36 - In Adding HeadMaster details...
2021-09-19 20:37:09 DEBUG class:21 - In Adding HeadMaster details...
2021-09-19 20:37:09 DEBUG class:46 - In Adding HeadMaster Details...
2021-09-19 20:37:09 INFO  class:51 - Adding HeadMaster Details...
2021-09-19 20:41:12 DEBUG class:112 - In Retrieving HeadMaster details...
2021-09-19 20:41:12 DEBUG class:57 - In Retrieving HeadMaster details...
2021-09-19 20:41:12 DEBUG class:151 - In Retrieving HeadMaster Details...
2021-09-19 20:41:12 INFO  class:156 - Retrieving HeadMaster Details...
2021-09-19 20:41:12 DEBUG class:31 - In Checking HeadMaster Id...
2021-09-19 20:41:12 ERROR class:172 - Error Occured While Retrieving Details,Enter Valid Id
2021-09-20 10:52:02 DEBUG class:55 - In Retrieving All HeadMaster details...
2021-09-20 10:52:02 DEBUG class:30 - In Retrieving All HeadMaster details...
2021-09-20 10:52:03 DEBUG class:68 - In Retrieving HeadMaster Details...
2021-09-20 10:52:03 INFO  class:73 - Retrieving HeadMaster Details...
2021-09-20 10:52:03 INFO  class:79 - Retrieving HeadMaster Details is Completed
2021-09-20 10:59:55 DEBUG class:52 - In Retrieving HeadMaster Login details...
2021-09-20 10:59:55 DEBUG class:27 - In Retrieving HeadMaster Login details...
2021-09-20 10:59:55 DEBUG class:64 - In Retrieving HeadMaster Login Details...
2021-09-20 10:59:55 INFO  class:68 - Retrieving HeadMaster Login Details...
2021-09-20 10:59:55 DEBUG class:31 - In Checking HeadMaster Id...
2021-09-20 10:59:55 INFO  class:79 - Retrieving HeadMaster Login Details is Completed
2021-09-20 11:02:50 DEBUG class:52 - In Retrieving HeadMaster Login details...
2021-09-20 11:02:50 DEBUG class:27 - In Retrieving HeadMaster Login details...
2021-09-20 11:02:50 DEBUG class:64 - In Retrieving HeadMaster Login Details...
2021-09-20 11:02:50 INFO  class:68 - Retrieving HeadMaster Login Details...
2021-09-20 11:02:50 DEBUG class:31 - In Checking HeadMaster Id...
2021-09-20 11:02:50 ERROR class:84 - Error Occured while Retrieving headMaster Login Details,Enter Valid Id
2021-09-20 11:03:06 DEBUG class:91 - In Retrieving HeadMaster Login Id...
2021-09-20 11:03:06 DEBUG class:46 - In Retrieving HeadMaster Login Id...
2021-09-20 11:03:06 DEBUG class:121 - In Retrieving HeadMaster Login Id...
2021-09-20 11:03:06 INFO  class:125 - Retrieving HeadMaster Login Id...
2021-09-20 11:03:06 INFO  class:132 - Retrieving HeadMaster Login Id is Completed
2021-09-20 11:03:39 DEBUG class:52 - In Retrieving HeadMaster Login details...
2021-09-20 11:03:39 DEBUG class:27 - In Retrieving HeadMaster Login details...
2021-09-20 11:03:39 DEBUG class:64 - In Retrieving HeadMaster Login Details...
2021-09-20 11:03:39 INFO  class:68 - Retrieving HeadMaster Login Details...
2021-09-20 11:03:39 DEBUG class:31 - In Checking HeadMaster Id...
2021-09-20 11:03:39 INFO  class:79 - Retrieving HeadMaster Login Details is Completed
2021-09-20 11:04:12 DEBUG class:72 - In Updating HeadMaster Login details...
2021-09-20 11:04:12 DEBUG class:37 - In Updating HeadMaster Login details...
2021-09-20 11:04:12 DEBUG class:91 - In Updating HeadMaster Login Details...
2021-09-20 11:04:12 INFO  class:95 - Updating HeadMaster Login Details...
2021-09-20 11:04:12 DEBUG class:31 - In Checking HeadMaster Id...
2021-09-20 11:04:23 DEBUG class:52 - In Retrieving HeadMaster Login details...
2021-09-20 11:04:23 DEBUG class:27 - In Retrieving HeadMaster Login details...
2021-09-20 11:04:23 DEBUG class:64 - In Retrieving HeadMaster Login Details...
2021-09-20 11:04:23 INFO  class:68 - Retrieving HeadMaster Login Details...
2021-09-20 11:04:23 DEBUG class:31 - In Checking HeadMaster Id...
2021-09-20 11:04:23 INFO  class:79 - Retrieving HeadMaster Login Details is Completed
2021-09-20 11:05:27 DEBUG class:55 - In Retrieving All HeadMaster details...
2021-09-20 11:05:27 DEBUG class:30 - In Retrieving All HeadMaster details...
2021-09-20 11:05:27 DEBUG class:68 - In Retrieving HeadMaster Details...
2021-09-20 11:05:27 INFO  class:73 - Retrieving HeadMaster Details...
2021-09-20 11:05:27 INFO  class:79 - Retrieving HeadMaster Details is Completed
2021-09-20 11:06:47 DEBUG class:32 - In Adding HeadMaster Login details...
2021-09-20 11:06:47 DEBUG class:18 - In Adding HeadMaster Login details...
2021-09-20 11:06:48 DEBUG class:33 - In Adding HeadMaster Login Details...
2021-09-20 11:06:48 INFO  class:37 - Adding HeadMaster Login Details...
2021-09-20 11:06:48 DEBUG class:31 - In Checking HeadMaster Id...
2021-09-20 11:08:50 DEBUG class:32 - In Adding HeadMaster Login details...
2021-09-20 11:08:50 DEBUG class:18 - In Adding HeadMaster Login details...
2021-09-20 11:11:10 DEBUG class:32 - In Adding HeadMaster Login details...
2021-09-20 11:11:10 DEBUG class:18 - In Adding HeadMaster Login details...
2021-09-20 11:11:10 DEBUG class:33 - In Adding HeadMaster Login Details...
2021-09-20 11:11:10 INFO  class:37 - Adding HeadMaster Login Details...
2021-09-20 11:11:10 DEBUG class:31 - In Checking HeadMaster Id...
2021-09-20 11:11:11 INFO  class:50 -  Adding HeadMaster Login Details is Completed...
2021-09-20 11:11:30 DEBUG class:52 - In Retrieving HeadMaster Login details...
2021-09-20 11:11:30 DEBUG class:27 - In Retrieving HeadMaster Login details...
2021-09-20 11:11:30 DEBUG class:64 - In Retrieving HeadMaster Login Details...
2021-09-20 11:11:30 INFO  class:68 - Retrieving HeadMaster Login Details...
2021-09-20 11:11:30 DEBUG class:31 - In Checking HeadMaster Id...
2021-09-20 11:11:30 INFO  class:79 - Retrieving HeadMaster Login Details is Completed
2021-09-20 13:31:07 DEBUG class:31 - In Adding Parent details...
2021-09-20 15:00:58 DEBUG class:31 - In Adding Parent details...
2021-09-20 15:00:58 DEBUG class:50 - In Adding Parent details...
2021-09-20 15:00:58 INFO  class:55 - Adding Parent Details...
2021-09-20 15:00:58 DEBUG class:38 - In Checking Student Roll No...
2021-09-20 15:00:58 ERROR class:79 - Error Occurred while Saving Parent details
2021-09-20 15:03:23 DEBUG class:31 - In Adding Parent details...
2021-09-20 15:03:23 DEBUG class:46 - In Adding Parent details...
2021-09-20 15:03:23 INFO  class:51 - Adding Parent Details...
2021-09-20 15:03:23 DEBUG class:38 - In Checking Student Roll No...
2021-09-20 15:03:23 ERROR class:75 - Error Occurred while Saving Parent details
2021-09-20 15:05:54 DEBUG class:31 - In Adding Parent details...
2021-09-20 15:05:54 DEBUG class:46 - In Adding Parent details...
2021-09-20 15:05:54 INFO  class:51 - Adding Parent Details...
2021-09-20 15:05:54 DEBUG class:38 - In Checking Student Roll No...
2021-09-20 15:09:31 DEBUG class:31 - In Adding Parent details...
2021-09-20 15:09:32 DEBUG class:49 - In Adding Parent details...
2021-09-20 15:09:32 INFO  class:54 - Adding Parent Details...
2021-09-20 15:09:32 DEBUG class:38 - In Checking Student Roll No...
2021-09-20 15:09:32 DEBUG class:54 - In Retrieving Particular Student Detail
2021-09-20 15:09:32 INFO  class:73 - Adding Parent Details is Completed
2021-09-20 15:10:04 DEBUG class:51 - In Retrieving Parent details...
2021-09-20 15:10:04 DEBUG class:86 - In Retrieving Parent Details...
2021-09-20 15:10:04 INFO  class:91 - Adding Parent Details
2021-09-20 15:10:04 DEBUG class:38 - In Checking Student Roll No...
2021-09-20 15:10:05 INFO  class:110 - Adding Parent Details is Completed
2021-09-20 15:11:55 DEBUG class:31 - In Adding Parent details...
2021-09-20 15:11:55 DEBUG class:49 - In Adding Parent details...
2021-09-20 15:11:55 INFO  class:54 - Adding Parent Details...
2021-09-20 15:11:55 DEBUG class:38 - In Checking Student Roll No...
2021-09-20 15:11:55 DEBUG class:54 - In Retrieving Particular Student Detail
2021-09-20 15:11:55 INFO  class:73 - Adding Parent Details is Completed
2021-09-20 15:12:38 DEBUG class:75 - In Updating Parent details...
2021-09-20 15:12:38 DEBUG class:141 - In Updating Parent Details...
2021-09-20 15:12:38 INFO  class:146 - Updating Parent Details
2021-09-20 15:12:38 DEBUG class:34 - In Checking Parent Id...
2021-09-20 15:12:38 INFO  class:158 - Updating Parent Details is Completed
2021-09-20 16:15:27 DEBUG class:53 - In Retrieving All Student details...
2021-09-20 16:15:27 DEBUG class:33 - In Retrieving all Student Details
2021-09-20 16:15:27 DEBUG class:95 - In Retrieving All Particular Student Detail
2021-09-20 16:15:27 INFO  class:101 - Retrieving All Particular Student Detail
2021-09-20 16:15:27 DEBUG class:28 - In Check Class Room No Details Method
2021-09-20 16:15:28 ERROR class:117 - Error Occurred While Retrieving Parent Details
2021-09-20 16:16:33 DEBUG class:53 - In Retrieving All Student details...
2021-09-20 16:16:33 DEBUG class:33 - In Retrieving all Student Details
2021-09-20 16:16:34 DEBUG class:98 - In Retrieving All Particular Student Detail
2021-09-20 16:16:34 INFO  class:104 - Retrieving All Particular Student Detail
2021-09-20 16:16:34 DEBUG class:28 - In Check Class Room No Details Method
2021-09-20 16:16:34 INFO  class:115 - Retrieving All Particular Student Detail is Completed
2021-09-20 16:17:16 DEBUG class:75 - In Retrieving Student details...
2021-09-20 16:17:16 DEBUG class:45 - In Retrieving Student Details
2021-09-20 16:17:16 DEBUG class:129 - In Retrieving Particular Student Detail
2021-09-20 16:17:16 INFO  class:134 - Retrieving Particular Student Detail
2021-09-20 16:17:16 DEBUG class:41 - In Checking Student Roll No...
2021-09-20 16:17:16 DEBUG class:28 - In Check Class Room No Details Method
2021-09-20 16:17:16 INFO  class:146 - Retrieving Particular Student Detail is Completed
2021-09-20 16:21:08 DEBUG class:75 - In Retrieving Student details...
2021-09-20 16:21:08 DEBUG class:45 - In Retrieving Student Details
2021-09-20 16:21:08 DEBUG class:129 - In Retrieving Particular Student Detail
2021-09-20 16:21:08 INFO  class:134 - Retrieving Particular Student Detail
2021-09-20 16:21:08 DEBUG class:41 - In Checking Student Roll No...
2021-09-20 16:21:08 DEBUG class:28 - In Check Class Room No Details Method
2021-09-20 16:21:08 INFO  class:146 - Retrieving Particular Student Detail is Completed
2021-09-20 16:22:51 DEBUG class:75 - In Retrieving Student details...
2021-09-20 16:22:51 DEBUG class:45 - In Retrieving Student Details
2021-09-20 16:22:51 DEBUG class:129 - In Retrieving Particular Student Detail
2021-09-20 16:22:51 INFO  class:134 - Retrieving Particular Student Detail
2021-09-20 16:22:51 DEBUG class:41 - In Checking Student Roll No...
2021-09-20 16:22:51 DEBUG class:28 - In Check Class Room No Details Method
2021-09-20 16:22:51 INFO  class:146 - Retrieving Particular Student Detail is Completed
2021-09-20 16:24:29 DEBUG class:32 - In Adding Student details...
2021-09-20 16:24:29 DEBUG class:22 - In Adding Student Details
2021-09-20 16:24:29 DEBUG class:67 - In Adding Student Details
2021-09-20 16:24:29 INFO  class:72 - Adding Student Details...
2021-09-20 16:24:29 INFO  class:86 - Adding Parent Details is Completed
2021-09-20 16:24:46 DEBUG class:32 - In Adding Student details...
2021-09-20 16:24:46 DEBUG class:22 - In Adding Student Details
2021-09-20 16:24:46 DEBUG class:67 - In Adding Student Details
2021-09-20 16:24:46 INFO  class:72 - Adding Student Details...
2021-09-20 16:24:46 ERROR class:91 - Error Occurred While Saving Parent Details
2021-09-20 16:32:39 DEBUG class:32 - In Adding Student details...
2021-09-20 16:32:39 DEBUG class:22 - In Adding Student Details
2021-09-20 16:32:39 DEBUG class:67 - In Adding Student Details
2021-09-20 16:32:39 INFO  class:72 - Adding Student Details...
2021-09-20 16:32:39 DEBUG class:28 - In Check Class Room No Details Method
2021-09-20 16:32:39 ERROR class:95 - Error Occurred While Saving Student Details
2021-09-20 16:32:54 DEBUG class:53 - In Retrieving All Student details...
2021-09-20 16:32:54 DEBUG class:33 - In Retrieving all Student Details
2021-09-20 16:32:54 DEBUG class:102 - In Retrieving All Particular Student Detail
2021-09-20 16:32:54 INFO  class:108 - Retrieving All Particular Student Detail
2021-09-20 16:32:54 DEBUG class:28 - In Check Class Room No Details Method
2021-09-20 16:32:54 INFO  class:119 - Retrieving All Particular Student Detail is Completed
2021-09-20 16:33:12 DEBUG class:53 - In Retrieving All Student details...
2021-09-20 16:33:12 DEBUG class:33 - In Retrieving all Student Details
2021-09-20 16:33:12 DEBUG class:102 - In Retrieving All Particular Student Detail
2021-09-20 16:33:12 INFO  class:108 - Retrieving All Particular Student Detail
2021-09-20 16:33:12 DEBUG class:28 - In Check Class Room No Details Method
2021-09-20 16:33:12 ERROR class:124 - Error Occurred While Retrieving Student Details
2021-09-20 16:33:21 DEBUG class:75 - In Retrieving Student details...
2021-09-20 16:33:21 DEBUG class:45 - In Retrieving Student Details
2021-09-20 16:33:21 DEBUG class:133 - In Retrieving Particular Student Detail
2021-09-20 16:33:21 INFO  class:138 - Retrieving Particular Student Detail
2021-09-20 16:33:21 DEBUG class:41 - In Checking Student Roll No...
2021-09-20 16:33:21 DEBUG class:28 - In Check Class Room No Details Method
2021-09-20 16:33:21 INFO  class:150 - Retrieving Particular Student Detail is Completed
2021-09-20 16:33:31 DEBUG class:75 - In Retrieving Student details...
2021-09-20 16:33:31 DEBUG class:45 - In Retrieving Student Details
2021-09-20 16:33:31 DEBUG class:133 - In Retrieving Particular Student Detail
2021-09-20 16:33:31 INFO  class:138 - Retrieving Particular Student Detail
2021-09-20 16:33:31 DEBUG class:41 - In Checking Student Roll No...
2021-09-20 16:35:35 DEBUG class:75 - In Retrieving Student details...
2021-09-20 16:35:35 DEBUG class:45 - In Retrieving Student Details
2021-09-20 16:35:35 DEBUG class:133 - In Retrieving Particular Student Detail
2021-09-20 16:35:35 INFO  class:138 - Retrieving Particular Student Detail
2021-09-20 16:35:35 DEBUG class:41 - In Checking Student Roll No...
2021-09-20 16:35:35 ERROR class:155 - Error Occurred While Retrieving Student Details
2021-09-20 16:36:50 DEBUG class:32 - In Adding Student details...
2021-09-20 16:36:50 DEBUG class:22 - In Adding Student Details
2021-09-20 16:36:50 DEBUG class:67 - In Adding Student Details
2021-09-20 16:36:50 INFO  class:72 - Adding Student Details...
2021-09-20 16:36:50 DEBUG class:28 - In Check Class Room No Details Method
2021-09-20 16:36:50 INFO  class:90 - Adding Parent Details is Completed
2021-09-20 16:37:36 DEBUG class:96 - In Updating Student details...
2021-09-20 16:37:36 DEBUG class:57 - In Updating Student Details
2021-09-20 16:37:36 DEBUG class:162 - In Updating Student Detail
2021-09-20 16:37:36 INFO  class:167 - Updating Student Detail
2021-09-20 16:37:36 DEBUG class:41 - In Checking Student Roll No...
2021-09-20 16:37:36 DEBUG class:28 - In Check Class Room No Details Method
2021-09-20 16:37:36 INFO  class:182 - Updating Student Detail is Completed
2021-09-20 16:38:16 DEBUG class:75 - In Retrieving Student details...
2021-09-20 16:38:16 DEBUG class:45 - In Retrieving Student Details
2021-09-20 16:38:16 DEBUG class:133 - In Retrieving Particular Student Detail
2021-09-20 16:38:16 INFO  class:138 - Retrieving Particular Student Detail
2021-09-20 16:38:16 DEBUG class:41 - In Checking Student Roll No...
2021-09-20 16:38:16 DEBUG class:28 - In Check Class Room No Details Method
2021-09-20 16:38:16 INFO  class:150 - Retrieving Particular Student Detail is Completed
2021-09-21 14:31:51 DEBUG class:30 - In Adding Student Login details...
2021-09-21 14:31:51 DEBUG class:23 - In Adding Student Login Details
2021-09-21 14:31:51 DEBUG class:34 - In Adding Student Login Details
2021-09-21 14:31:51 INFO  class:40 - Adding Student Login Details..
2021-09-21 14:31:51 DEBUG class:41 - In Checking Student Roll No...
2021-09-21 14:31:51 INFO  class:54 - Adding Student Login Details is Completed
2021-09-21 14:33:57 DEBUG class:50 - In Retrieving Student Login details...
2021-09-21 14:33:57 DEBUG class:32 - In Retrieving Student Login Details
2021-09-21 14:33:57 DEBUG class:68 - In Retrieving Student Login Details
2021-09-21 14:33:57 INFO  class:72 - Retrieving Student Login Details..
2021-09-21 14:33:57 DEBUG class:41 - In Checking Student Roll No...
2021-09-21 14:33:57 INFO  class:83 - Retrieving Student Login Details is Completed
2021-09-21 14:34:15 DEBUG class:71 - In Updating Student Login details...
2021-09-21 14:34:15 DEBUG class:42 - In Updating Student Login Details
2021-09-21 14:34:15 DEBUG class:94 - In Updating Student Login Details
2021-09-21 14:34:15 INFO  class:98 - Updating Student Login Details..
2021-09-21 14:34:15 DEBUG class:41 - In Checking Student Roll No...
2021-09-21 14:34:15 INFO  class:110 - Updating Student Login Details is Completed
2021-09-21 18:21:57 DEBUG class:34 - In Adding Student's Result...
2021-09-21 18:21:57 INFO  class:39 - Adding Student Results
2021-09-21 18:21:57 DEBUG class:41 - In Checking Student Roll No...
2021-09-21 18:26:26 DEBUG class:34 - In Adding Student's Result...
2021-09-21 18:26:26 INFO  class:39 - Adding Student Results
2021-09-21 18:26:26 DEBUG class:41 - In Checking Student Roll No...
2021-09-21 18:26:26 INFO  class:55 - Adding Student Results is Completed
2021-09-21 18:26:58 DEBUG class:68 - In Retrieving Student Results...
2021-09-21 18:26:58 INFO  class:73 - Retrieving Student Results
2021-09-21 18:26:58 DEBUG class:41 - In Checking Student Roll No...
2021-09-21 18:26:58 INFO  class:84 - Retrieving Student Results is Completed
2021-09-21 18:34:56 DEBUG class:97 - In Updating Student Results...
2021-09-21 18:34:56 INFO  class:102 - Updating Student Results
2021-09-21 18:34:56 DEBUG class:41 - In Checking Student Roll No...
2021-09-21 18:36:41 DEBUG class:97 - In Updating Student Results...
2021-09-21 18:36:41 INFO  class:102 - Updating Student Results
2021-09-21 18:36:41 DEBUG class:41 - In Checking Student Roll No...
2021-09-21 18:36:41 INFO  class:116 - Updating Student Results is Completed
2021-09-21 18:39:52 DEBUG class:97 - In Updating Student Results...
2021-09-21 18:39:52 INFO  class:102 - Updating Student Results
2021-09-21 18:39:52 DEBUG class:41 - In Checking Student Roll No...
2021-09-21 18:42:42 DEBUG class:97 - In Updating Student Results...
2021-09-21 18:42:42 INFO  class:102 - Updating Student Results
2021-09-21 18:42:42 DEBUG class:41 - In Checking Student Roll No...
2021-09-21 18:43:57 DEBUG class:97 - In Updating Student Results...
2021-09-21 18:43:57 INFO  class:102 - Updating Student Results
2021-09-21 18:43:57 DEBUG class:41 - In Checking Student Roll No...
2021-09-21 18:43:57 INFO  class:119 - Updating Student Results is Completed
2021-09-21 18:44:51 DEBUG class:97 - In Updating Student Results...
2021-09-21 18:44:51 INFO  class:102 - Updating Student Results
2021-09-21 18:44:51 DEBUG class:41 - In Checking Student Roll No...
2021-09-21 18:45:57 DEBUG class:97 - In Updating Student Results...
2021-09-21 18:45:57 INFO  class:102 - Updating Student Results
2021-09-21 18:45:57 DEBUG class:41 - In Checking Student Roll No...
2021-09-21 18:47:11 DEBUG class:97 - In Updating Student Results...
2021-09-21 18:47:11 INFO  class:102 - Updating Student Results
2021-09-21 18:47:11 DEBUG class:41 - In Checking Student Roll No...
2021-09-21 18:49:25 DEBUG class:97 - In Updating Student Results...
2021-09-21 18:49:25 INFO  class:102 - Updating Student Results
2021-09-21 18:49:25 DEBUG class:41 - In Checking Student Roll No...
2021-09-21 18:51:57 DEBUG class:97 - In Updating Student Results...
2021-09-21 18:51:57 INFO  class:102 - Updating Student Results
2021-09-21 18:51:57 DEBUG class:41 - In Checking Student Roll No...
2021-09-21 18:52:50 DEBUG class:97 - In Updating Student Results...
2021-09-21 18:52:50 INFO  class:102 - Updating Student Results
2021-09-21 18:52:50 DEBUG class:41 - In Checking Student Roll No...
2021-09-21 18:53:25 DEBUG class:97 - In Updating Student Results...
2021-09-21 18:53:25 INFO  class:102 - Updating Student Results
2021-09-21 18:53:25 DEBUG class:41 - In Checking Student Roll No...
2021-09-21 18:53:25 INFO  class:121 - Updating Student Results is Completed
2021-09-22 21:55:32 DEBUG class:54 - In Get All Class Details Method
2021-09-22 21:55:32 DEBUG class:37 - In Get All Class Details Method
2021-09-22 21:55:32 DEBUG class:65 - In Get All Class Details Method
2021-09-22 21:55:32 INFO  class:70 - Retriving Class Details Method
2021-09-22 21:55:32 INFO  class:76 - Retrieving Class Details is Completed
2021-09-22 21:55:50 DEBUG class:75 - In Get Class Details Method
2021-09-22 21:55:50 DEBUG class:48 - In Get Particular Class Detail Method
2021-09-22 21:55:50 DEBUG class:90 - In Get Class Details Method
2021-09-22 21:55:50 INFO  class:93 - Retriving Class Details Method
2021-09-22 21:55:50 DEBUG class:28 - In Check Class Room No Details Method
2021-09-22 21:55:50 INFO  class:101 - Retrieving Particular Class Details is Completed
2021-09-22 21:55:56 DEBUG class:75 - In Get Class Details Method
2021-09-22 21:55:56 DEBUG class:48 - In Get Particular Class Detail Method
2021-09-22 21:55:56 DEBUG class:90 - In Get Class Details Method
2021-09-22 21:55:56 INFO  class:93 - Retriving Class Details Method
2021-09-22 21:55:56 DEBUG class:28 - In Check Class Room No Details Method
2021-09-22 21:55:56 ERROR class:106 - Error Occured while Retrieving Class Details
2021-09-22 22:00:56 DEBUG class:54 - In Get All Class Details Method
2021-09-22 22:00:56 DEBUG class:37 - In Get All Class Details Method
2021-09-22 22:00:56 DEBUG class:65 - In Get All Class Details Method
2021-09-22 22:00:56 INFO  class:70 - Retriving Class Details Method
2021-09-22 22:00:56 INFO  class:76 - Retrieving Class Details is Completed
2021-09-22 22:01:56 DEBUG class:94 - In Update Class Details Method
2021-09-22 22:01:56 DEBUG class:60 - In Update Class Details Method
2021-09-22 22:01:56 DEBUG class:116 - In Updating Class Details Method
2021-09-22 22:01:56 INFO  class:118 - Updating Class Details Method
2021-09-22 22:01:56 DEBUG class:28 - In Check Class Room No Details Method
2021-09-22 22:01:56 INFO  class:128 - Updating Class Details is Completed
2021-09-22 22:02:08 DEBUG class:94 - In Update Class Details Method
2021-09-22 22:02:08 DEBUG class:60 - In Update Class Details Method
2021-09-22 22:02:08 DEBUG class:116 - In Updating Class Details Method
2021-09-22 22:02:08 INFO  class:118 - Updating Class Details Method
2021-09-22 22:02:08 DEBUG class:28 - In Check Class Room No Details Method
2021-09-22 22:02:08 ERROR class:131 - Error Occured while Updating Class Details
